Build started 2017/5/21 16:51:01.
     1>Project "F:\other\Git\C++\DesignPattern\FactoryPattern\FactoryPattern\FactoryPattern.vcxproj" on node 2 (build target(s)).
     1>InitializeBuildStatus:
         Creating "Release\FactoryPattern.unsuccessfulbuild" because "AlwaysCreate" was specified.
       ClCompile:
         f:\other\software\Microsoft Visual Studio 10.0\VC\bin\CL.exe /c /Zi /nologo /W3 /WX- /O2 /Oi /Oy- /GL /D _MBCS /Gm- /EHsc /MD /GS /Gy /fp:precise /Zc:wchar_t /Zc:forScope /Fo"Release\\" /Fd"Release\vc100.pdb" /Gd /TP /analyze- /errorReport:prompt ..\code\main.cpp
         main.cpp
     1>..\code\main.cpp(29): warning C4553: '==' : operator has no effect; did you intend '='?
       Link:
         f:\other\software\Microsoft Visual Studio 10.0\VC\bin\link.exe /ERRORREPORT:PROMPT /OUT:"F:\other\Git\C++\DesignPattern\FactoryPattern\Release\FactoryPattern.exe" /NOLOGO kernel32.lib user32.lib gdi32.lib winspool.lib comdlg32.lib advapi32.lib shell32.lib ole32.lib oleaut32.lib uuid.lib odbc32.lib odbccp32.lib /MANIFEST /ManifestFile:"Release\FactoryPattern.exe.intermediate.manifest" /MANIFESTUAC:"level='asInvoker' uiAccess='false'" /DEBUG /PDB:"F:\other\Git\C++\DesignPattern\FactoryPattern\Release\FactoryPattern.pdb" /OPT:REF /OPT:ICF /LTCG /TLBID:1 /DYNAMICBASE /NXCOMPAT /IMPLIB:"F:\other\Git\C++\DesignPattern\FactoryPattern\Release\FactoryPattern.lib" /MACHINE:X86 Release\FactoryPattern.obj
         Release\main.obj
         Generating code
         Finished generating code
         FactoryPattern.vcxproj -> F:\other\Git\C++\DesignPattern\FactoryPattern\Release\FactoryPattern.exe
       Manifest:
         C:\Program Files (x86)\Microsoft SDKs\Windows\v7.0A\bin\mt.exe /nologo /verbose /outputresource:"F:\other\Git\C++\DesignPattern\FactoryPattern\Release\FactoryPattern.exe;#1" /manifest Release\FactoryPattern.exe.intermediate.manifest
       FinalizeBuildStatus:
         Deleting file "Release\FactoryPattern.unsuccessfulbuild".
         Touching "Release\FactoryPattern.lastbuildstate".
     1>Done Building Project "F:\other\Git\C++\DesignPattern\FactoryPattern\FactoryPattern\FactoryPattern.vcxproj" (build target(s)).

Build succeeded.

Time Elapsed 00:00:00.50
