Build started 2017/5/21 16:33:19.
     1>Project "F:\other\Git\C++\DesignPattern\FactoryPattern\FactoryPattern\FactoryPattern.vcxproj" on node 2 (rebuild target(s)).
     1>_PrepareForClean:
         Deleting file "Debug\FactoryPattern.lastbuildstate".
       InitializeBuildStatus:
         Creating "Debug\FactoryPattern.unsuccessfulbuild" because "AlwaysCreate" was specified.
       ClCompile:
         f:\other\software\Microsoft Visual Studio 10.0\VC\bin\CL.exe /c /ZI /nologo /W3 /WX- /Od /Oy- /D _MBCS /Gm /EHsc /RTC1 /MDd /GS /fp:precise /Zc:wchar_t /Zc:forScope /Fo"Debug\\" /Fd"Debug\vc100.pdb" /Gd /TP /analyze- /errorReport:prompt ..\code\FactoryPattern.cpp ..\code\main.cpp
         main.cpp
         FactoryPattern.cpp
         Generating Code...
       Link:
         f:\other\software\Microsoft Visual Studio 10.0\VC\bin\link.exe /ERRORREPORT:PROMPT /OUT:"F:\other\Git\C++\DesignPattern\FactoryPattern\Debug\FactoryPattern.exe" /NOLOGO kernel32.lib user32.lib gdi32.lib winspool.lib comdlg32.lib advapi32.lib shell32.lib ole32.lib oleaut32.lib uuid.lib odbc32.lib odbccp32.lib /MANIFEST /ManifestFile:"Debug\FactoryPattern.exe.intermediate.manifest" /MANIFESTUAC:"level='asInvoker' uiAccess='false'" /DEBUG /PDB:"F:\other\Git\C++\DesignPattern\FactoryPattern\Debug\FactoryPattern.pdb" /TLBID:1 /DYNAMICBASE /NXCOMPAT /IMPLIB:"F:\other\Git\C++\DesignPattern\FactoryPattern\Debug\FactoryPattern.lib" /MACHINE:X86 Debug\FactoryPattern.obj
         Debug\main.obj
         FactoryPattern.vcxproj -> F:\other\Git\C++\DesignPattern\FactoryPattern\Debug\FactoryPattern.exe
       Manifest:
         C:\Program Files (x86)\Microsoft SDKs\Windows\v7.0A\bin\mt.exe /nologo /verbose /outputresource:"F:\other\Git\C++\DesignPattern\FactoryPattern\Debug\FactoryPattern.exe;#1" /manifest Debug\FactoryPattern.exe.intermediate.manifest
       FinalizeBuildStatus:
         Deleting file "Debug\FactoryPattern.unsuccessfulbuild".
         Touching "Debug\FactoryPattern.lastbuildstate".
     1>Done Building Project "F:\other\Git\C++\DesignPattern\FactoryPattern\FactoryPattern\FactoryPattern.vcxproj" (rebuild target(s)).

Build succeeded.

Time Elapsed 00:00:00.60
